<?xml version="1.0" encoding="UTF-8"?>
<testng-results ignored="0" total="1" passed="1" failed="0" skipped="0">
  <reporter-output>
  </reporter-output>
  <suite started-at="2023-09-22T18:41:58 IST" name="Surefire suite" finished-at="2023-09-22T18:42:14 IST" duration-ms="16112">
    <groups>
    </groups>
    <test started-at="2023-09-22T18:41:58 IST" name="Surefire test" finished-at="2023-09-22T18:42:14 IST" duration-ms="16112">
      <class name="driverFactory.AppTest">
        <test-method signature="kickStart()[pri:0, instance:driverFactory.AppTest@120f102b]" started-at="2023-09-22T18:41:58 IST" name="kickStart" finished-at="2023-09-22T18:42:14 IST" duration-ms="16048" status="PASS">
          <reporter-output>
          </reporter-output>
        </test-method> <!-- kickStart -->
      </class> <!-- driverFactory.AppTest -->
    </test> <!-- Surefire test -->
  </suite> <!-- Surefire suite -->
</testng-results>
